<?xml version="1.0" encoding="UTF-8"?>
<testsuite xmlns:xsi="http://www.w3.org/2001/XMLSchema-instance" xsi:noNamespaceSchemaLocation="https://maven.apache.org/surefire/maven-surefire-plugin/xsd/surefire-test-report.xsd" name="com.quiztok.kakaobot.KakaoBotApplicationTests" time="4.471" tests="1" errors="0" skipped="0" failures="0">
  <properties>
    <property name="sun.desktop" value="windows"/>
    <property name="awt.toolkit" value="sun.awt.windows.WToolkit"/>
    <property name="file.encoding.pkg" value="sun.io"/>
    <property name="java.specification.version" value="1.8"/>
    <property name="sun.cpu.isalist" value="amd64"/>
    <property name="sun.jnu.encoding" value="MS949"/>
    <property name="java.class.path" value="C:\park\project\quiztok-botV2\kakao-bot\target\test-classes;C:\park\project\quiztok-botV2\kakao-bot\target\classes;C:\park\maven-repository\org\springframework\boot\spring-boot-starter\2.7.0\spring-boot-starter-2.7.0.jar;C:\park\maven-repository\org\springframework\boot\spring-boot\2.7.0\spring-boot-2.7.0.jar;C:\park\maven-repository\org\springframework\spring-context\5.3.20\spring-context-5.3.20.jar;C:\park\maven-repository\org\springframework\boot\spring-boot-autoconfigure\2.7.0\spring-boot-autoconfigure-2.7.0.jar;C:\park\maven-repository\org\springframework\boot\spring-boot-starter-logging\2.7.0\spring-boot-starter-logging-2.7.0.jar;C:\park\maven-repository\ch\qos\logback\logback-classic\1.2.11\logback-classic-1.2.11.jar;C:\park\maven-repository\ch\qos\logback\logback-core\1.2.11\logback-core-1.2.11.jar;C:\park\maven-repository\org\apache\logging\log4j\log4j-to-slf4j\2.17.2\log4j-to-slf4j-2.17.2.jar;C:\park\maven-repository\org\apache\logging\log4j\log4j-api\2.17.2\log4j-api-2.17.2.jar;C:\park\maven-repository\org\slf4j\jul-to-slf4j\1.7.36\jul-to-slf4j-1.7.36.jar;C:\park\maven-repository\jakarta\annotation\jakarta.annotation-api\1.3.5\jakarta.annotation-api-1.3.5.jar;C:\park\maven-repository\org\springframework\spring-core\5.3.20\spring-core-5.3.20.jar;C:\park\maven-repository\org\springframework\spring-jcl\5.3.20\spring-jcl-5.3.20.jar;C:\park\maven-repository\org\yaml\snakeyaml\1.30\snakeyaml-1.30.jar;C:\park\maven-repository\org\springframework\boot\spring-boot-starter-web\2.7.1\spring-boot-starter-web-2.7.1.jar;C:\park\maven-repository\org\springframework\boot\spring-boot-starter-json\2.7.0\spring-boot-starter-json-2.7.0.jar;C:\park\maven-repository\com\fasterxml\jackson\core\jackson-databind\2.13.3\jackson-databind-2.13.3.jar;C:\park\maven-repository\com\fasterxml\jackson\core\jackson-annotations\2.13.3\jackson-annotations-2.13.3.jar;C:\park\maven-repository\com\fasterxml\jackson\core\jackson-core\2.13.3\jackson-core-2.13.3.jar;C:\park\maven-repository\com\fasterxml\jackson\datatype\jackson-datatype-jdk8\2.13.3\jackson-datatype-jdk8-2.13.3.jar;C:\park\maven-repository\com\fasterxml\jackson\datatype\jackson-datatype-jsr310\2.13.3\jackson-datatype-jsr310-2.13.3.jar;C:\park\maven-repository\com\fasterxml\jackson\module\jackson-module-parameter-names\2.13.3\jackson-module-parameter-names-2.13.3.jar;C:\park\maven-repository\org\springframework\boot\spring-boot-starter-tomcat\2.7.0\spring-boot-starter-tomcat-2.7.0.jar;C:\park\maven-repository\org\apache\tomcat\embed\tomcat-embed-core\9.0.63\tomcat-embed-core-9.0.63.jar;C:\park\maven-repository\org\apache\tomcat\embed\tomcat-embed-el\9.0.63\tomcat-embed-el-9.0.63.jar;C:\park\maven-repository\org\apache\tomcat\embed\tomcat-embed-websocket\9.0.63\tomcat-embed-websocket-9.0.63.jar;C:\park\maven-repository\org\springframework\spring-web\5.3.20\spring-web-5.3.20.jar;C:\park\maven-repository\org\springframework\spring-beans\5.3.20\spring-beans-5.3.20.jar;C:\park\maven-repository\org\springframework\spring-webmvc\5.3.20\spring-webmvc-5.3.20.jar;C:\park\maven-repository\org\springframework\spring-aop\5.3.20\spring-aop-5.3.20.jar;C:\park\maven-repository\org\springframework\spring-expression\5.3.20\spring-expression-5.3.20.jar;C:\park\maven-repository\org\springframework\boot\spring-boot-devtools\2.7.0\spring-boot-devtools-2.7.0.jar;C:\park\maven-repository\org\projectlombok\lombok\1.18.24\lombok-1.18.24.jar;C:\park\maven-repository\org\springframework\boot\spring-boot-starter-test\2.7.0\spring-boot-starter-test-2.7.0.jar;C:\park\maven-repository\org\springframework\boot\spring-boot-test\2.7.0\spring-boot-test-2.7.0.jar;C:\park\maven-repository\org\springframework\boot\spring-boot-test-autoconfigure\2.7.0\spring-boot-test-autoconfigure-2.7.0.jar;C:\park\maven-repository\com\jayway\jsonpath\json-path\2.7.0\json-path-2.7.0.jar;C:\park\maven-repository\net\minidev\json-smart\2.4.8\json-smart-2.4.8.jar;C:\park\maven-repository\net\minidev\accessors-smart\2.4.8\accessors-smart-2.4.8.jar;C:\park\maven-repository\org\ow2\asm\asm\9.1\asm-9.1.jar;C:\park\maven-repository\org\slf4j\slf4j-api\1.7.36\slf4j-api-1.7.36.jar;C:\park\maven-repository\jakarta\xml\bind\jakarta.xml.bind-api\2.3.3\jakarta.xml.bind-api-2.3.3.jar;C:\park\maven-repository\jakarta\activation\jakarta.activation-api\1.2.2\jakarta.activation-api-1.2.2.jar;C:\park\maven-repository\org\assertj\assertj-core\3.22.0\assertj-core-3.22.0.jar;C:\park\maven-repository\org\hamcrest\hamcrest\2.2\hamcrest-2.2.jar;C:\park\maven-repository\org\junit\jupiter\junit-jupiter\5.8.2\junit-jupiter-5.8.2.jar;C:\park\maven-repository\org\junit\jupiter\junit-jupiter-api\5.8.2\junit-jupiter-api-5.8.2.jar;C:\park\maven-repository\org\opentest4j\opentest4j\1.2.0\opentest4j-1.2.0.jar;C:\park\maven-repository\org\junit\platform\junit-platform-commons\1.8.2\junit-platform-commons-1.8.2.jar;C:\park\maven-repository\org\apiguardian\apiguardian-api\1.1.2\apiguardian-api-1.1.2.jar;C:\park\maven-repository\org\junit\jupiter\junit-jupiter-params\5.8.2\junit-jupiter-params-5.8.2.jar;C:\park\maven-repository\org\junit\jupiter\junit-jupiter-engine\5.8.2\junit-jupiter-engine-5.8.2.jar;C:\park\maven-repository\org\junit\platform\junit-platform-engine\1.8.2\junit-platform-engine-1.8.2.jar;C:\park\maven-repository\org\mockito\mockito-core\4.5.1\mockito-core-4.5.1.jar;C:\park\maven-repository\net\bytebuddy\byte-buddy\1.12.10\byte-buddy-1.12.10.jar;C:\park\maven-repository\net\bytebuddy\byte-buddy-agent\1.12.10\byte-buddy-agent-1.12.10.jar;C:\park\maven-repository\org\objenesis\objenesis\3.2\objenesis-3.2.jar;C:\park\maven-repository\org\mockito\mockito-junit-jupiter\4.5.1\mockito-junit-jupiter-4.5.1.jar;C:\park\maven-repository\org\skyscreamer\jsonassert\1.5.0\jsonassert-1.5.0.jar;C:\park\maven-repository\com\vaadin\external\google\android-json\0.0.20131108.vaadin1\android-json-0.0.20131108.vaadin1.jar;C:\park\maven-repository\org\springframework\spring-test\5.3.20\spring-test-5.3.20.jar;C:\park\maven-repository\org\xmlunit\xmlunit-core\2.9.0\xmlunit-core-2.9.0.jar;C:\park\maven-repository\org\springframework\boot\spring-boot-starter-data-redis\2.3.12.RELEASE\spring-boot-starter-data-redis-2.3.12.RELEASE.jar;C:\park\maven-repository\org\springframework\data\spring-data-redis\2.7.0\spring-data-redis-2.7.0.jar;C:\park\maven-repository\org\springframework\data\spring-data-keyvalue\2.7.0\spring-data-keyvalue-2.7.0.jar;C:\park\maven-repository\org\springframework\data\spring-data-commons\2.7.0\spring-data-commons-2.7.0.jar;C:\park\maven-repository\org\springframework\spring-tx\5.3.20\spring-tx-5.3.20.jar;C:\park\maven-repository\org\springframework\spring-oxm\5.3.20\spring-oxm-5.3.20.jar;C:\park\maven-repository\org\springframework\spring-context-support\5.3.20\spring-context-support-5.3.20.jar;C:\park\maven-repository\io\lettuce\lettuce-core\6.1.8.RELEASE\lettuce-core-6.1.8.RELEASE.jar;C:\park\maven-repository\io\netty\netty-common\4.1.77.Final\netty-common-4.1.77.Final.jar;C:\park\maven-repository\io\netty\netty-handler\4.1.77.Final\netty-handler-4.1.77.Final.jar;C:\park\maven-repository\io\netty\netty-resolver\4.1.77.Final\netty-resolver-4.1.77.Final.jar;C:\park\maven-repository\io\netty\netty-buffer\4.1.77.Final\netty-buffer-4.1.77.Final.jar;C:\park\maven-repository\io\netty\netty-codec\4.1.77.Final\netty-codec-4.1.77.Final.jar;C:\park\maven-repository\io\netty\netty-transport\4.1.77.Final\netty-transport-4.1.77.Final.jar;C:\park\maven-repository\io\projectreactor\reactor-core\3.4.18\reactor-core-3.4.18.jar;C:\park\maven-repository\org\reactivestreams\reactive-streams\1.0.3\reactive-streams-1.0.3.jar;C:\park\maven-repository\com\google\code\gson\gson\2.8.5\gson-2.8.5.jar;C:\park\maven-repository\org\json\json\20190722\json-20190722.jar;C:\park\maven-repository\org\springframework\boot\spring-boot-starter-validation\2.3.12.RELEASE\spring-boot-starter-validation-2.3.12.RELEASE.jar;C:\park\maven-repository\org\glassfish\jakarta.el\3.0.4\jakarta.el-3.0.4.jar;C:\park\maven-repository\org\hibernate\validator\hibernate-validator\6.2.3.Final\hibernate-validator-6.2.3.Final.jar;C:\park\maven-repository\jakarta\validation\jakarta.validation-api\2.0.2\jakarta.validation-api-2.0.2.jar;C:\park\maven-repository\org\jboss\logging\jboss-logging\3.4.3.Final\jboss-logging-3.4.3.Final.jar;C:\park\maven-repository\com\fasterxml\classmate\1.5.1\classmate-1.5.1.jar;C:\park\maven-repository\org\apache\httpcomponents\httpclient\4.5.13\httpclient-4.5.13.jar;C:\park\maven-repository\org\apache\httpcomponents\httpcore\4.4.15\httpcore-4.4.15.jar;C:\park\maven-repository\commons-codec\commons-codec\1.15\commons-codec-1.15.jar;"/>
    <property name="java.vm.vendor" value="Oracle Corporation"/>
    <property name="sun.arch.data.model" value="64"/>
    <property name="user.variant" value=""/>
    <property name="java.vendor.url" value="http://java.oracle.com/"/>
    <property name="user.timezone" value="Asia/Seoul"/>
    <property name="java.vm.specification.version" value="1.8"/>
    <property name="os.name" value="Windows 10"/>
    <property name="user.country" value="KR"/>
    <property name="sun.java.launcher" value="SUN_STANDARD"/>
    <property name="sun.boot.library.path" value="C:\park\java-1.8.0-openjdk-1.8.0.252-2\jre\bin"/>
    <property name="sun.java.command" value="C:\Users\jcpar\AppData\Local\Temp\surefire1860869632065506441\surefirebooter3800581676104768759.jar C:\Users\jcpar\AppData\Local\Temp\surefire1860869632065506441 2022-07-15T11-01-26_764-jvmRun1 surefire3044703929616636073tmp surefire_02167395197405801539tmp"/>
    <property name="surefire.test.class.path" value="C:\park\project\quiztok-botV2\kakao-bot\target\test-classes;C:\park\project\quiztok-botV2\kakao-bot\target\classes;C:\park\maven-repository\org\springframework\boot\spring-boot-starter\2.7.0\spring-boot-starter-2.7.0.jar;C:\park\maven-repository\org\springframework\boot\spring-boot\2.7.0\spring-boot-2.7.0.jar;C:\park\maven-repository\org\springframework\spring-context\5.3.20\spring-context-5.3.20.jar;C:\park\maven-repository\org\springframework\boot\spring-boot-autoconfigure\2.7.0\spring-boot-autoconfigure-2.7.0.jar;C:\park\maven-repository\org\springframework\boot\spring-boot-starter-logging\2.7.0\spring-boot-starter-logging-2.7.0.jar;C:\park\maven-repository\ch\qos\logback\logback-classic\1.2.11\logback-classic-1.2.11.jar;C:\park\maven-repository\ch\qos\logback\logback-core\1.2.11\logback-core-1.2.11.jar;C:\park\maven-repository\org\apache\logging\log4j\log4j-to-slf4j\2.17.2\log4j-to-slf4j-2.17.2.jar;C:\park\maven-repository\org\apache\logging\log4j\log4j-api\2.17.2\log4j-api-2.17.2.jar;C:\park\maven-repository\org\slf4j\jul-to-slf4j\1.7.36\jul-to-slf4j-1.7.36.jar;C:\park\maven-repository\jakarta\annotation\jakarta.annotation-api\1.3.5\jakarta.annotation-api-1.3.5.jar;C:\park\maven-repository\org\springframework\spring-core\5.3.20\spring-core-5.3.20.jar;C:\park\maven-repository\org\springframework\spring-jcl\5.3.20\spring-jcl-5.3.20.jar;C:\park\maven-repository\org\yaml\snakeyaml\1.30\snakeyaml-1.30.jar;C:\park\maven-repository\org\springframework\boot\spring-boot-starter-web\2.7.1\spring-boot-starter-web-2.7.1.jar;C:\park\maven-repository\org\springframework\boot\spring-boot-starter-json\2.7.0\spring-boot-starter-json-2.7.0.jar;C:\park\maven-repository\com\fasterxml\jackson\core\jackson-databind\2.13.3\jackson-databind-2.13.3.jar;C:\park\maven-repository\com\fasterxml\jackson\core\jackson-annotations\2.13.3\jackson-annotations-2.13.3.jar;C:\park\maven-repository\com\fasterxml\jackson\core\jackson-core\2.13.3\jackson-core-2.13.3.jar;C:\park\maven-repository\com\fasterxml\jackson\datatype\jackson-datatype-jdk8\2.13.3\jackson-datatype-jdk8-2.13.3.jar;C:\park\maven-repository\com\fasterxml\jackson\datatype\jackson-datatype-jsr310\2.13.3\jackson-datatype-jsr310-2.13.3.jar;C:\park\maven-repository\com\fasterxml\jackson\module\jackson-module-parameter-names\2.13.3\jackson-module-parameter-names-2.13.3.jar;C:\park\maven-repository\org\springframework\boot\spring-boot-starter-tomcat\2.7.0\spring-boot-starter-tomcat-2.7.0.jar;C:\park\maven-repository\org\apache\tomcat\embed\tomcat-embed-core\9.0.63\tomcat-embed-core-9.0.63.jar;C:\park\maven-repository\org\apache\tomcat\embed\tomcat-embed-el\9.0.63\tomcat-embed-el-9.0.63.jar;C:\park\maven-repository\org\apache\tomcat\embed\tomcat-embed-websocket\9.0.63\tomcat-embed-websocket-9.0.63.jar;C:\park\maven-repository\org\springframework\spring-web\5.3.20\spring-web-5.3.20.jar;C:\park\maven-repository\org\springframework\spring-beans\5.3.20\spring-beans-5.3.20.jar;C:\park\maven-repository\org\springframework\spring-webmvc\5.3.20\spring-webmvc-5.3.20.jar;C:\park\maven-repository\org\springframework\spring-aop\5.3.20\spring-aop-5.3.20.jar;C:\park\maven-repository\org\springframework\spring-expression\5.3.20\spring-expression-5.3.20.jar;C:\park\maven-repository\org\springframework\boot\spring-boot-devtools\2.7.0\spring-boot-devtools-2.7.0.jar;C:\park\maven-repository\org\projectlombok\lombok\1.18.24\lombok-1.18.24.jar;C:\park\maven-repository\org\springframework\boot\spring-boot-starter-test\2.7.0\spring-boot-starter-test-2.7.0.jar;C:\park\maven-repository\org\springframework\boot\spring-boot-test\2.7.0\spring-boot-test-2.7.0.jar;C:\park\maven-repository\org\springframework\boot\spring-boot-test-autoconfigure\2.7.0\spring-boot-test-autoconfigure-2.7.0.jar;C:\park\maven-repository\com\jayway\jsonpath\json-path\2.7.0\json-path-2.7.0.jar;C:\park\maven-repository\net\minidev\json-smart\2.4.8\json-smart-2.4.8.jar;C:\park\maven-repository\net\minidev\accessors-smart\2.4.8\accessors-smart-2.4.8.jar;C:\park\maven-repository\org\ow2\asm\asm\9.1\asm-9.1.jar;C:\park\maven-repository\org\slf4j\slf4j-api\1.7.36\slf4j-api-1.7.36.jar;C:\park\maven-repository\jakarta\xml\bind\jakarta.xml.bind-api\2.3.3\jakarta.xml.bind-api-2.3.3.jar;C:\park\maven-repository\jakarta\activation\jakarta.activation-api\1.2.2\jakarta.activation-api-1.2.2.jar;C:\park\maven-repository\org\assertj\assertj-core\3.22.0\assertj-core-3.22.0.jar;C:\park\maven-repository\org\hamcrest\hamcrest\2.2\hamcrest-2.2.jar;C:\park\maven-repository\org\junit\jupiter\junit-jupiter\5.8.2\junit-jupiter-5.8.2.jar;C:\park\maven-repository\org\junit\jupiter\junit-jupiter-api\5.8.2\junit-jupiter-api-5.8.2.jar;C:\park\maven-repository\org\opentest4j\opentest4j\1.2.0\opentest4j-1.2.0.jar;C:\park\maven-repository\org\junit\platform\junit-platform-commons\1.8.2\junit-platform-commons-1.8.2.jar;C:\park\maven-repository\org\apiguardian\apiguardian-api\1.1.2\apiguardian-api-1.1.2.jar;C:\park\maven-repository\org\junit\jupiter\junit-jupiter-params\5.8.2\junit-jupiter-params-5.8.2.jar;C:\park\maven-repository\org\junit\jupiter\junit-jupiter-engine\5.8.2\junit-jupiter-engine-5.8.2.jar;C:\park\maven-repository\org\junit\platform\junit-platform-engine\1.8.2\junit-platform-engine-1.8.2.jar;C:\park\maven-repository\org\mockito\mockito-core\4.5.1\mockito-core-4.5.1.jar;C:\park\maven-repository\net\bytebuddy\byte-buddy\1.12.10\byte-buddy-1.12.10.jar;C:\park\maven-repository\net\bytebuddy\byte-buddy-agent\1.12.10\byte-buddy-agent-1.12.10.jar;C:\park\maven-repository\org\objenesis\objenesis\3.2\objenesis-3.2.jar;C:\park\maven-repository\org\mockito\mockito-junit-jupiter\4.5.1\mockito-junit-jupiter-4.5.1.jar;C:\park\maven-repository\org\skyscreamer\jsonassert\1.5.0\jsonassert-1.5.0.jar;C:\park\maven-repository\com\vaadin\external\google\android-json\0.0.20131108.vaadin1\android-json-0.0.20131108.vaadin1.jar;C:\park\maven-repository\org\springframework\spring-test\5.3.20\spring-test-5.3.20.jar;C:\park\maven-repository\org\xmlunit\xmlunit-core\2.9.0\xmlunit-core-2.9.0.jar;C:\park\maven-repository\org\springframework\boot\spring-boot-starter-data-redis\2.3.12.RELEASE\spring-boot-starter-data-redis-2.3.12.RELEASE.jar;C:\park\maven-repository\org\springframework\data\spring-data-redis\2.7.0\spring-data-redis-2.7.0.jar;C:\park\maven-repository\org\springframework\data\spring-data-keyvalue\2.7.0\spring-data-keyvalue-2.7.0.jar;C:\park\maven-repository\org\springframework\data\spring-data-commons\2.7.0\spring-data-commons-2.7.0.jar;C:\park\maven-repository\org\springframework\spring-tx\5.3.20\spring-tx-5.3.20.jar;C:\park\maven-repository\org\springframework\spring-oxm\5.3.20\spring-oxm-5.3.20.jar;C:\park\maven-repository\org\springframework\spring-context-support\5.3.20\spring-context-support-5.3.20.jar;C:\park\maven-repository\io\lettuce\lettuce-core\6.1.8.RELEASE\lettuce-core-6.1.8.RELEASE.jar;C:\park\maven-repository\io\netty\netty-common\4.1.77.Final\netty-common-4.1.77.Final.jar;C:\park\maven-repository\io\netty\netty-handler\4.1.77.Final\netty-handler-4.1.77.Final.jar;C:\park\maven-repository\io\netty\netty-resolver\4.1.77.Final\netty-resolver-4.1.77.Final.jar;C:\park\maven-repository\io\netty\netty-buffer\4.1.77.Final\netty-buffer-4.1.77.Final.jar;C:\park\maven-repository\io\netty\netty-codec\4.1.77.Final\netty-codec-4.1.77.Final.jar;C:\park\maven-repository\io\netty\netty-transport\4.1.77.Final\netty-transport-4.1.77.Final.jar;C:\park\maven-repository\io\projectreactor\reactor-core\3.4.18\reactor-core-3.4.18.jar;C:\park\maven-repository\org\reactivestreams\reactive-streams\1.0.3\reactive-streams-1.0.3.jar;C:\park\maven-repository\com\google\code\gson\gson\2.8.5\gson-2.8.5.jar;C:\park\maven-repository\org\json\json\20190722\json-20190722.jar;C:\park\maven-repository\org\springframework\boot\spring-boot-starter-validation\2.3.12.RELEASE\spring-boot-starter-validation-2.3.12.RELEASE.jar;C:\park\maven-repository\org\glassfish\jakarta.el\3.0.4\jakarta.el-3.0.4.jar;C:\park\maven-repository\org\hibernate\validator\hibernate-validator\6.2.3.Final\hibernate-validator-6.2.3.Final.jar;C:\park\maven-repository\jakarta\validation\jakarta.validation-api\2.0.2\jakarta.validation-api-2.0.2.jar;C:\park\maven-repository\org\jboss\logging\jboss-logging\3.4.3.Final\jboss-logging-3.4.3.Final.jar;C:\park\maven-repository\com\fasterxml\classmate\1.5.1\classmate-1.5.1.jar;C:\park\maven-repository\org\apache\httpcomponents\httpclient\4.5.13\httpclient-4.5.13.jar;C:\park\maven-repository\org\apache\httpcomponents\httpcore\4.4.15\httpcore-4.4.15.jar;C:\park\maven-repository\commons-codec\commons-codec\1.15\commons-codec-1.15.jar;"/>
    <property name="sun.cpu.endian" value="little"/>
    <property name="user.home" value="C:\Users\jcpar"/>
    <property name="user.language" value="ko"/>
    <property name="java.specification.vendor" value="Oracle Corporation"/>
    <property name="java.home" value="C:\park\java-1.8.0-openjdk-1.8.0.252-2\jre"/>
    <property name="basedir" value="C:\park\project\quiztok-botV2\kakao-bot"/>
    <property name="file.separator" value="\"/>
    <property name="line.separator" value="&#10;"/>
    <property name="java.vm.specification.vendor" value="Oracle Corporation"/>
    <property name="java.specification.name" value="Java Platform API Specification"/>
    <property name="java.awt.graphicsenv" value="sun.awt.Win32GraphicsEnvironment"/>
    <property name="surefire.real.class.path" value="C:\Users\jcpar\AppData\Local\Temp\surefire1860869632065506441\surefirebooter3800581676104768759.jar"/>
    <property name="sun.boot.class.path" value="C:\park\java-1.8.0-openjdk-1.8.0.252-2\jre\lib\resources.jar;C:\park\java-1.8.0-openjdk-1.8.0.252-2\jre\lib\rt.jar;C:\park\java-1.8.0-openjdk-1.8.0.252-2\jre\lib\sunrsasign.jar;C:\park\java-1.8.0-openjdk-1.8.0.252-2\jre\lib\jsse.jar;C:\park\java-1.8.0-openjdk-1.8.0.252-2\jre\lib\jce.jar;C:\park\java-1.8.0-openjdk-1.8.0.252-2\jre\lib\charsets.jar;C:\park\java-1.8.0-openjdk-1.8.0.252-2\jre\lib\jfr.jar;C:\park\java-1.8.0-openjdk-1.8.0.252-2\jre\classes"/>
    <property name="user.script" value=""/>
    <property name="sun.management.compiler" value="HotSpot 64-Bit Tiered Compilers"/>
    <property name="java.runtime.version" value="1.8.0_252-b09"/>
    <property name="user.name" value="jcpar"/>
    <property name="path.separator" value=";"/>
    <property name="os.version" value="10.0"/>
    <property name="java.endorsed.dirs" value="C:\park\java-1.8.0-openjdk-1.8.0.252-2\jre\lib\endorsed"/>
    <property name="java.runtime.name" value="OpenJDK Runtime Environment"/>
    <property name="file.encoding" value="MS949"/>
    <property name="java.vm.name" value="OpenJDK 64-Bit Server VM"/>
    <property name="localRepository" value="C:\park\maven-repository"/>
    <property name="java.vendor.url.bug" value="http://bugreport.sun.com/bugreport/"/>
    <property name="java.io.tmpdir" value="C:\Users\jcpar\AppData\Local\Temp\"/>
    <property name="idea.version" value="2021.3"/>
    <property name="java.version" value="1.8.0_252"/>
    <property name="user.dir" value="C:\park\project\quiztok-botV2\kakao-bot"/>
    <property name="os.arch" value="amd64"/>
    <property name="java.vm.specification.name" value="Java Virtual Machine Specification"/>
    <property name="java.awt.printerjob" value="sun.awt.windows.WPrinterJob"/>
    <property name="sun.os.patch.level" value=""/>
    <property name="java.library.path" value="C:\park\java-1.8.0-openjdk-1.8.0.252-2\jre\bin;C:\WINDOWS\Sun\Java\bin;C:\WINDOWS\system32;C:\WINDOWS;C:\WINDOWS\system32;C:\WINDOWS;C:\WINDOWS\System32\Wbem;C:\WINDOWS\System32\WindowsPowerShell\v1.0\;C:\WINDOWS\System32\OpenSSH\;C:\park\java-1.8.0-openjdk-1.8.0.252-2\bin;C:\park\java-1.8.0-openjdk-1.8.0.252-2\jre\bin;C:\Program Files\Git\cmd;C:\park\NetSarang\Xshell 7\;C:\park\NetSarang\Xftp 7\;C:\Program Files\nodejs\;C:\Users\jcpar\AppData\Local\Microsoft\WindowsApps;C:\park\IntelliJ IDEA 2021.3\bin;;C:\park\java-1.8.0-openjdk-1.8.0.252-2\bin;C:\park\apache-maven-3.6.3\bin;;C:\park\Microsoft VS Code\bin;C:\Users\jcpar\AppData\Local\afreeca;C:\Users\jcpar\AppData\Roaming\npm;."/>
    <property name="java.vm.info" value="mixed mode"/>
    <property name="java.vendor" value="Oracle Corporation"/>
    <property name="java.vm.version" value="25.252-b09"/>
    <property name="java.ext.dirs" value="C:\park\java-1.8.0-openjdk-1.8.0.252-2\jre\lib\ext;C:\WINDOWS\Sun\Java\lib\ext"/>
    <property name="sun.io.unicode.encoding" value="UnicodeLittle"/>
    <property name="maven.repo.local" value="C:\park\maven-repository"/>
    <property name="java.class.version" value="52.0"/>
  </properties>
  <testcase name="contextLoads" classname="com.quiztok.kakaobot.KakaoBotApplicationTests" time="0.21"/>
</testsuite>